<?xml version="1.0" encoding="UTF-8"?>
<testng-results ignored="0" total="2" passed="2" failed="0" skipped="0">
  <reporter-output>
  </reporter-output>
  <suite started-at="2025-10-31T15:52:33 IST" name="Default suite" finished-at="2025-10-31T15:52:51 IST" duration-ms="17489">
    <groups>
    </groups>
    <test started-at="2025-10-31T15:52:33 IST" name="Default test" finished-at="2025-10-31T15:52:51 IST" duration-ms="17489">
      <class name="Tests.LoginTests">
        <test-method is-config="true" signature="setup()[pri:0, instance:Tests.LoginTests@14fc5f04]" started-at="2025-10-31T15:52:33 IST" name="setup" finished-at="2025-10-31T15:52:42 IST" duration-ms="8486" status="PASS">
          <reporter-output>
          </reporter-output>
        </test-method> <!-- setup -->
        <test-method signature="LoginWithValidUser()[pri:1, instance:Tests.LoginTests@14fc5f04]" started-at="2025-10-31T15:52:42 IST" name="LoginWithValidUser" finished-at="2025-10-31T15:52:46 IST" duration-ms="3618" status="PASS">
          <reporter-output>
          </reporter-output>
        </test-method> <!-- LoginWithValidUser -->
        <test-method is-config="true" signature="tearDown()[pri:0, instance:Tests.LoginTests@14fc5f04]" started-at="2025-10-31T15:52:46 IST" name="tearDown" finished-at="2025-10-31T15:52:46 IST" duration-ms="173" status="PASS">
          <reporter-output>
          </reporter-output>
        </test-method> <!-- tearDown -->
        <test-method is-config="true" signature="setup()[pri:0, instance:Tests.LoginTests@14fc5f04]" started-at="2025-10-31T15:52:46 IST" name="setup" finished-at="2025-10-31T15:52:50 IST" duration-ms="3716" status="PASS">
          <reporter-output>
          </reporter-output>
        </test-method> <!-- setup -->
        <test-method signature="LoginWithInavalidUser()[pri:2, instance:Tests.LoginTests@14fc5f04]" started-at="2025-10-31T15:52:50 IST" name="LoginWithInavalidUser" finished-at="2025-10-31T15:52:51 IST" duration-ms="1096" status="PASS">
          <reporter-output>
          </reporter-output>
        </test-method> <!-- LoginWithInavalidUser -->
        <test-method is-config="true" signature="tearDown()[pri:0, instance:Tests.LoginTests@14fc5f04]" started-at="2025-10-31T15:52:51 IST" name="tearDown" finished-at="2025-10-31T15:52:51 IST" duration-ms="164" status="PASS">
          <reporter-output>
          </reporter-output>
        </test-method> <!-- tearDown -->
      </class> <!-- Tests.LoginTests -->
    </test> <!-- Default test -->
  </suite> <!-- Default suite -->
</testng-results>
